<?xml version="1.0" encoding="UTF-8"?>
<testng-results ignored="0" total="1" passed="1" failed="0" skipped="0">
  <reporter-output>
  </reporter-output>
  <suite started-at="2023-04-14T13:21:07 IST" name="Default suite" finished-at="2023-04-14T13:21:16 IST" duration-ms="9010">
    <groups>
    </groups>
    <test started-at="2023-04-14T13:21:07 IST" name="Default test" finished-at="2023-04-14T13:21:16 IST" duration-ms="9010">
      <class name="Test.TestCase01">
        <test-method signature="toValidateStatusCode()[pri:0, instance:Test.TestCase01@2805d709]" started-at="2023-04-14T13:21:07 IST" name="toValidateStatusCode" finished-at="2023-04-14T13:21:16 IST" duration-ms="8958" status="PASS">
          <reporter-output>
          </reporter-output>
        </test-method> <!-- toValidateStatusCode -->
      </class> <!-- Test.TestCase01 -->
    </test> <!-- Default test -->
  </suite> <!-- Default suite -->
</testng-results>
