<?xml version="1.0" encoding="UTF-8"?>
<testng-results ignored="0" total="1" passed="1" failed="0" skipped="0">
  <reporter-output>
  </reporter-output>
  <suite started-at="2022-12-31T11:29:01 IST" name="Default suite" finished-at="2022-12-31T11:29:14 IST" duration-ms="12807">
    <groups>
    </groups>
    <test started-at="2022-12-31T11:29:01 IST" name="Default test" finished-at="2022-12-31T11:29:14 IST" duration-ms="12807">
      <class name="test.demotest">
        <test-method signature="test()[pri:0, instance:test.demotest@316bcf94]" started-at="2022-12-31T11:29:01 IST" name="test" finished-at="2022-12-31T11:29:14 IST" duration-ms="12732" status="PASS">
          <reporter-output>
          </reporter-output>
        </test-method> <!-- test -->
      </class> <!-- test.demotest -->
    </test> <!-- Default test -->
  </suite> <!-- Default suite -->
</testng-results>
